[debug] [2024-01-01T07:50:34.306Z] ----------------------------------------------------------------------
[debug] [2024-01-01T07:50:34.308Z] Command:       C:\Users\nagav\node.exe C:\Users\nagav\AppData\Roaming\npm\node_modules\firebase-tools\lib\bin\firebase.js init
[debug] [2024-01-01T07:50:34.308Z] CLI Version:   13.0.2
[debug] [2024-01-01T07:50:34.309Z] Platform:      win32
[debug] [2024-01-01T07:50:34.309Z] Node Version:  v18.16.1
[debug] [2024-01-01T07:50:34.310Z] Time:          Mon Jan 01 2024 01:50:34 GMT-0600 (Central Standard Time)
[debug] [2024-01-01T07:50:34.310Z] ----------------------------------------------------------------------
[debug] 
[debug] [2024-01-01T07:50:34.364Z] > command requires scopes: ["email","openid","https://www.googleapis.com/auth/cloudplatformprojects.readonly","https://www.googleapis.com/auth/firebase","https://www.googleapis.com/auth/cloud-platform"]
[debug] [2024-01-01T07:50:34.364Z] > authorizing via signed-in user (venkateshdamacharla515@gmail.com)
[info] 
     ######## #### ########  ######## ########     ###     ######  ########
     ##        ##  ##     ## ##       ##     ##  ##   ##  ##       ##
     ######    ##  ########  ######   ########  #########  ######  ######
     ##        ##  ##    ##  ##       ##     ## ##     ##       ## ##
     ##       #### ##     ## ######## ########  ##     ##  ######  ########

You're about to initialize a Firebase project in this directory:

  C:\Users\nagav\OneDrive\Desktop\New Year Folder\newyear1

Before we get started, keep in mind:

  * You are initializing within an existing Firebase project directory

